<?xml version="1.0" encoding="UTF-8"?>
<testng-results ignored="0" total="2" passed="2" failed="0" skipped="0">
  <reporter-output>
  </reporter-output>
  <suite started-at="2025-07-02T10:18:41 IST" name="Default suite" finished-at="2025-07-02T10:18:41 IST" duration-ms="114">
    <groups>
    </groups>
    <test started-at="2025-07-02T10:18:41 IST" name="Default test" finished-at="2025-07-02T10:18:41 IST" duration-ms="114">
      <class name="dummypr.pack.OrgTest">
        <test-method signature="createOrgTest()[pri:0, instance:dummypr.pack.OrgTest@2d3379b4]" started-at="2025-07-02T10:18:41 IST" name="createOrgTest" finished-at="2025-07-02T10:18:41 IST" duration-ms="19" status="PASS">
          <reporter-output>
          </reporter-output>
        </test-method> <!-- createOrgTest -->
        <test-method signature="modifyOrgTest()[pri:0, instance:dummypr.pack.OrgTest@2d3379b4]" started-at="2025-07-02T10:18:41 IST" name="modifyOrgTest" finished-at="2025-07-02T10:18:41 IST" duration-ms="3" status="PASS">
          <reporter-output>
          </reporter-output>
        </test-method> <!-- modifyOrgTest -->
      </class> <!-- dummypr.pack.OrgTest -->
    </test> <!-- Default test -->
  </suite> <!-- Default suite -->
</testng-results>
